<?xml version="1.0" encoding="UTF-8"?>
<!-- Generated by org.testng.reporters.JUnitReportReporter -->
<testsuite hostname="DESKTOP-U5SUVO0" failures="0" tests="1" name="Shopping.Meesho" time="20.320" errors="0" timestamp="2024-03-06T11:08:09 IST" skipped="0">
  <testcase classname="Shopping.Meesho" name="openApp" time="20.320"/>
  <system-out/>
</testsuite> <!-- Shopping.Meesho -->
